Command line invocation:
    /Applications/Xcode_16.4.app/Contents/Developer/usr/bin/xcodebuild -scheme StreetSwedish -destination generic/platform=iOS -configuration Release -derivedDataPath build CODE_SIGNING_ALLOWED=NO CODE_SIGNING_REQUIRED=NO clean build

Build settings from command line:
    CODE_SIGNING_ALLOWED = NO
    CODE_SIGNING_REQUIRED = NO

Resolve Package Graph


Resolved source packages:
  StreetSwedish: /Users/runner/work/StreetSwedish/StreetSwedish

ComputePackagePrebuildTargetDependencyGraph

CreateBuildRequest

SendProjectDescription

CreateBuildOperation

** CLEAN SUCCEEDED **

ComputePackagePrebuildTargetDependencyGraph

Prepare packages

CreateBuildRequest

SendProjectDescription

CreateBuildOperation

ComputeTargetDependencyGraph
note: Building targets in dependency order
note: Target dependency graph (1 target)
    Target 'StreetSwedish' in project 'StreetSwedish' (no dependencies)

GatherProvisioningInputs

CreateBuildDescription

ExecuteExternalTool /Applications/Xcode_16.4.app/Contents/Developer/Toolchains/XcodeDefault.xctoolchain/usr/bin/swiftc --version

ExecuteExternalTool /Applications/Xcode_16.4.app/Contents/Developer/Toolchains/XcodeDefault.xctoolchain/usr/bin/clang -v -E -dM -isysroot /Applications/Xcode_16.4.app/Contents/Developer/Platforms/iPhoneOS.platform/Developer/SDKs/iPhoneOS18.5.sdk -x c -c /dev/null

ExecuteExternalTool /Applications/Xcode_16.4.app/Contents/Developer/Toolchains/XcodeDefault.xctoolchain/usr/bin/ld -version_details

Build description signature: b716be22d84f384974a5bcba69412bb5
Build description path: /Users/runner/work/StreetSwedish/StreetSwedish/build/Build/Intermediates.noindex/XCBuildData/b716be22d84f384974a5bcba69412bb5.xcbuilddata
CreateBuildDirectory /Users/runner/work/StreetSwedish/StreetSwedish/build/Build/Products
    cd /Users/runner/work/StreetSwedish/StreetSwedish/.swiftpm/xcode
    builtin-create-build-directory /Users/runner/work/StreetSwedish/StreetSwedish/build/Build/Products

CreateBuildDirectory /Users/runner/work/StreetSwedish/StreetSwedish/build/Build/Intermediates.noindex
    cd /Users/runner/work/StreetSwedish/StreetSwedish/.swiftpm/xcode
    builtin-create-build-directory /Users/runner/work/StreetSwedish/StreetSwedish/build/Build/Intermediates.noindex

ClangStatCache /Applications/Xcode_16.4.app/Contents/Developer/Toolchains/XcodeDefault.xctoolchain/usr/bin/clang-stat-cache /Applications/Xcode_16.4.app/Contents/Developer/Platforms/iPhoneOS.platform/Developer/SDKs/iPhoneOS18.5.sdk /Users/runner/work/StreetSwedish/StreetSwedish/build/SDKStatCaches.noindex/iphoneos18.5-22F76-a529daf784b3616c7c04a36aeb7f5c05.sdkstatcache
    cd /Users/runner/work/StreetSwedish/StreetSwedish/.swiftpm/xcode
    /Applications/Xcode_16.4.app/Contents/Developer/Toolchains/XcodeDefault.xctoolchain/usr/bin/clang-stat-cache /Applications/Xcode_16.4.app/Contents/Developer/Platforms/iPhoneOS.platform/Developer/SDKs/iPhoneOS18.5.sdk -o /Users/runner/work/StreetSwedish/StreetSwedish/build/SDKStatCaches.noindex/iphoneos18.5-22F76-a529daf784b3616c7c04a36aeb7f5c05.sdkstatcache

CreateBuildDirectory /Users/runner/work/StreetSwedish/StreetSwedish/build/Build/Intermediates.noindex/EagerLinkingTBDs/Release-iphoneos
    cd /Users/runner/work/StreetSwedish/StreetSwedish/.swiftpm/xcode
    builtin-create-build-directory /Users/runner/work/StreetSwedish/StreetSwedish/build/Build/Intermediates.noindex/EagerLinkingTBDs/Release-iphoneos

CreateBuildDirectory /Users/runner/work/StreetSwedish/StreetSwedish/build/Build/Products/Release-iphoneos
    cd /Users/runner/work/StreetSwedish/StreetSwedish/.swiftpm/xcode
    builtin-create-build-directory /Users/runner/work/StreetSwedish/StreetSwedish/build/Build/Products/Release-iphoneos

CreateBuildDirectory /Users/runner/work/StreetSwedish/StreetSwedish/build/Build/Products/Release-iphoneos/PackageFrameworks
    cd /Users/runner/work/StreetSwedish/StreetSwedish/.swiftpm/xcode
    builtin-create-build-directory /Users/runner/work/StreetSwedish/StreetSwedish/build/Build/Products/Release-iphoneos/PackageFrameworks

WriteAuxiliaryFile /Users/runner/work/StreetSwedish/StreetSwedish/build/Build/Intermediates.noindex/StreetSwedish.build/Release-iphoneos/StreetSwedish.build/StreetSwedish.DependencyStaticMetadataFileList (in target 'StreetSwedish' from project 'StreetSwedish')
    cd /Users/runner/work/StreetSwedish/StreetSwedish
    write-file /Users/runner/work/StreetSwedish/StreetSwedish/build/Build/Intermediates.noindex/StreetSwedish.build/Release-iphoneos/StreetSwedish.build/StreetSwedish.DependencyStaticMetadataFileList

WriteAuxiliaryFile /Users/runner/work/StreetSwedish/StreetSwedish/build/Build/Intermediates.noindex/StreetSwedish.build/Release-iphoneos/StreetSwedish.build/StreetSwedish.DependencyMetadataFileList (in target 'StreetSwedish' from project 'StreetSwedish')
    cd /Users/runner/work/StreetSwedish/StreetSwedish
    write-file /Users/runner/work/StreetSwedish/StreetSwedish/build/Build/Intermediates.noindex/StreetSwedish.build/Release-iphoneos/StreetSwedish.build/StreetSwedish.DependencyMetadataFileList

WriteAuxiliaryFile /Users/runner/work/StreetSwedish/StreetSwedish/build/Build/Intermediates.noindex/StreetSwedish.build/Release-iphoneos/StreetSwedish.build/Objects-normal/arm64/StreetSwedish_const_extract_protocols.json (in target 'StreetSwedish' from project 'StreetSwedish')
    cd /Users/runner/work/StreetSwedish/StreetSwedish
    write-file /Users/runner/work/StreetSwedish/StreetSwedish/build/Build/Intermediates.noindex/StreetSwedish.build/Release-iphoneos/StreetSwedish.build/Objects-normal/arm64/StreetSwedish_const_extract_protocols.json

WriteAuxiliaryFile /Users/runner/work/StreetSwedish/StreetSwedish/build/Build/Intermediates.noindex/StreetSwedish.build/Release-iphoneos/StreetSwedish.build/Objects-normal/arm64/StreetSwedish.SwiftFileList (in target 'StreetSwedish' from project 'StreetSwedish')
    cd /Users/runner/work/StreetSwedish/StreetSwedish
    write-file /Users/runner/work/StreetSwedish/StreetSwedish/build/Build/Intermediates.noindex/StreetSwedish.build/Release-iphoneos/StreetSwedish.build/Objects-normal/arm64/StreetSwedish.SwiftFileList

WriteAuxiliaryFile /Users/runner/work/StreetSwedish/StreetSwedish/build/Build/Intermediates.noindex/StreetSwedish.build/Release-iphoneos/StreetSwedish.build/Objects-normal/arm64/StreetSwedish.LinkFileList (in target 'StreetSwedish' from project 'StreetSwedish')
    cd /Users/runner/work/StreetSwedish/StreetSwedish
    write-file /Users/runner/work/StreetSwedish/StreetSwedish/build/Build/Intermediates.noindex/StreetSwedish.build/Release-iphoneos/StreetSwedish.build/Objects-normal/arm64/StreetSwedish.LinkFileList

WriteAuxiliaryFile /Users/runner/work/StreetSwedish/StreetSwedish/build/Build/Intermediates.noindex/StreetSwedish.build/Release-iphoneos/StreetSwedish.build/Objects-normal/arm64/StreetSwedish-OutputFileMap.json (in target 'StreetSwedish' from project 'StreetSwedish')
    cd /Users/runner/work/StreetSwedish/StreetSwedish
    write-file /Users/runner/work/StreetSwedish/StreetSwedish/build/Build/Intermediates.noindex/StreetSwedish.build/Release-iphoneos/StreetSwedish.build/Objects-normal/arm64/StreetSwedish-OutputFileMap.json

SwiftDriver StreetSwedish normal arm64 com.apple.xcode.tools.swift.compiler (in target 'StreetSwedish' from project 'StreetSwedish')
    cd /Users/runner/work/StreetSwedish/StreetSwedish/.swiftpm/xcode
    builtin-SwiftDriver -- /Applications/Xcode_16.4.app/Contents/Developer/Toolchains/XcodeDefault.xctoolchain/usr/bin/swiftc -module-name StreetSwedish -O -whole-module-optimization -enforce-exclusivity\=checked @/Users/runner/work/StreetSwedish/StreetSwedish/build/Build/Intermediates.noindex/StreetSwedish.build/Release-iphoneos/StreetSwedish.build/Objects-normal/arm64/StreetSwedish.SwiftFileList -DSWIFT_PACKAGE -DXcode -plugin-path /Applications/Xcode_16.4.app/Contents/Developer/Toolchains/XcodeDefault.xctoolchain/usr/lib/swift/host/plugins/testing -enable-experimental-feature DebugDescriptionMacro -sdk /Applications/Xcode_16.4.app/Contents/Developer/Platforms/iPhoneOS.platform/Developer/SDKs/iPhoneOS18.5.sdk -target arm64-apple-ios16.0 -g -module-cache-path /Users/runner/work/StreetSwedish/StreetSwedish/build/ModuleCache.noindex -Xfrontend -serialize-debugging-options -swift-version 5 -I /Users/runner/work/StreetSwedish/StreetSwedish/build/Build/Products/Release-iphoneos -I /Applications/Xcode_16.4.app/Contents/Developer/Platforms/iPhoneOS.platform/Developer/usr/lib -F /Users/runner/work/StreetSwedish/StreetSwedish/build/Build/Products/Release-iphoneos -F /Applications/Xcode_16.4.app/Contents/Developer/Platforms/iPhoneOS.platform/Developer/Library/Frameworks -F /Applications/Xcode_16.4.app/Contents/Developer/Platforms/iPhoneOS.platform/Developer/SDKs/iPhoneOS18.5.sdk/Developer/Library/Frameworks -c -num-threads 3 -Xcc -ivfsstatcache -Xcc /Users/runner/work/StreetSwedish/StreetSwedish/build/SDKStatCaches.noindex/iphoneos18.5-22F76-a529daf784b3616c7c04a36aeb7f5c05.sdkstatcache -output-file-map /Users/runner/work/StreetSwedish/StreetSwedish/build/Build/Intermediates.noindex/StreetSwedish.build/Release-iphoneos/StreetSwedish.build/Objects-normal/arm64/StreetSwedish-OutputFileMap.json -use-frontend-parseable-output -save-temps -no-color-diagnostics -serialize-diagnostics -emit-dependencies -emit-module -emit-module-path /Users/runner/work/StreetSwedish/StreetSwedish/build/Build/Intermediates.noindex/StreetSwedish.build/Release-iphoneos/StreetSwedish.build/Objects-normal/arm64/StreetSwedish.swiftmodule -validate-clang-modules-once -clang-build-session-file /Users/runner/work/StreetSwedish/StreetSwedish/build/ModuleCache.noindex/Session.modulevalidation -emit-const-values -Xfrontend -const-gather-protocols-file -Xfrontend /Users/runner/work/StreetSwedish/StreetSwedish/build/Build/Intermediates.noindex/StreetSwedish.build/Release-iphoneos/StreetSwedish.build/Objects-normal/arm64/StreetSwedish_const_extract_protocols.json -Xcc -I/Users/runner/work/StreetSwedish/StreetSwedish/build/Build/Products/Release-iphoneos/include -Xcc -I/Users/runner/work/StreetSwedish/StreetSwedish/build/Build/Intermediates.noindex/StreetSwedish.build/Release-iphoneos/StreetSwedish.build/DerivedSources-normal/arm64 -Xcc -I/Users/runner/work/StreetSwedish/StreetSwedish/build/Build/Intermediates.noindex/StreetSwedish.build/Release-iphoneos/StreetSwedish.build/DerivedSources/arm64 -Xcc -I/Users/runner/work/StreetSwedish/StreetSwedish/build/Build/Intermediates.noindex/StreetSwedish.build/Release-iphoneos/StreetSwedish.build/DerivedSources -Xcc -DSWIFT_PACKAGE -working-directory /Users/runner/work/StreetSwedish/StreetSwedish/.swiftpm/xcode -no-emit-module-separately-wmo

SwiftCompile normal arm64 Compiling\ LessonData.swift,\ LessonCoordinator.swift,\ SRSScheduler.swift,\ ColorExtensions.swift,\ SpeechHelper.swift,\ LearningModels.swift,\ UserProgress.swift,\ StreetSwedishApp.swift,\ ProgressManager.swift,\ WordCard.swift,\ WordDetailSheet.swift,\ ExerciseRouter.swift,\ HomeView.swift,\ BossLevelView.swift,\ CoursesView.swift,\ LessonView.swift,\ MainTabView.swift,\ OnboardingView.swift,\ PracticeView.swift,\ WordListView.swift,\ ProfileView.swift,\ ProgressMapView.swift,\ StreetSwedishWidget.swift /Users/runner/work/StreetSwedish/StreetSwedish/StreetSwedish/Data/LessonData.swift /Users/runner/work/StreetSwedish/StreetSwedish/StreetSwedish/Engine/LessonCoordinator.swift /Users/runner/work/StreetSwedish/StreetSwedish/StreetSwedish/Engine/SRSScheduler.swift /Users/runner/work/StreetSwedish/StreetSwedish/StreetSwedish/Helpers/ColorExtensions.swift /Users/runner/work/StreetSwedish/StreetSwedish/StreetSwedish/Helpers/SpeechHelper.swift /Users/runner/work/StreetSwedish/StreetSwedish/StreetSwedish/Models/LearningModels.swift /Users/runner/work/StreetSwedish/StreetSwedish/StreetSwedish/Models/UserProgress.swift /Users/runner/work/StreetSwedish/StreetSwedish/StreetSwedish/StreetSwedishApp.swift /Users/runner/work/StreetSwedish/StreetSwedish/StreetSwedish/ViewModels/ProgressManager.swift /Users/runner/work/StreetSwedish/StreetSwedish/StreetSwedish/Views/Components/WordCard.swift /Users/runner/work/StreetSwedish/StreetSwedish/StreetSwedish/Views/Components/WordDetailSheet.swift /Users/runner/work/StreetSwedish/StreetSwedish/StreetSwedish/Views/Exercises/ExerciseRouter.swift /Users/runner/work/StreetSwedish/StreetSwedish/StreetSwedish/Views/Home/HomeView.swift /Users/runner/work/StreetSwedish/StreetSwedish/StreetSwedish/Views/Learn/BossLevelView.swift /Users/runner/work/StreetSwedish/StreetSwedish/StreetSwedish/Views/Learn/CoursesView.swift /Users/runner/work/StreetSwedish/StreetSwedish/StreetSwedish/Views/Learn/LessonView.swift /Users/runner/work/StreetSwedish/StreetSwedish/StreetSwedish/Views/MainTabView.swift /Users/runner/work/StreetSwedish/StreetSwedish/StreetSwedish/Views/Onboarding/OnboardingView.swift /Users/runner/work/StreetSwedish/StreetSwedish/StreetSwedish/Views/Practice/PracticeView.swift /Users/runner/work/StreetSwedish/StreetSwedish/StreetSwedish/Views/Practice/WordListView.swift /Users/runner/work/StreetSwedish/StreetSwedish/StreetSwedish/Views/Profile/ProfileView.swift /Users/runner/work/StreetSwedish/StreetSwedish/StreetSwedish/Views/Profile/ProgressMapView.swift /Users/runner/work/StreetSwedish/StreetSwedish/StreetSwedish/Widget/StreetSwedishWidget.swift (in target 'StreetSwedish' from project 'StreetSwedish')

CompileSwift normal arm64 (in target 'StreetSwedish' from project 'StreetSwedish')
    cd /Users/runner/work/StreetSwedish/StreetSwedish/.swiftpm/xcode
    
/Users/runner/work/StreetSwedish/StreetSwedish/StreetSwedish/Views/Practice/PracticeView.swift:391:1: error: extraneous '}' at top level
}
^
/Users/runner/work/StreetSwedish/StreetSwedish/StreetSwedish/Data/LessonData.swift:439:31: error: extra argument 'usageWarning' in call
                usageWarning: "Informal. Do not use in formal presentations to clients, but fine among developers."
~~~~~~~~~~~~~~~~~~~~~~~~~~~~~~^~~~~~~~~~~~~~~~~~~~~~~~~~~~~~~~~~~~~~~~~~~~~~~~~~~~~~~~~~~~~~~~~~~~~~~~~~~~~~~~~~~~~
/Users/runner/work/StreetSwedish/StreetSwedish/StreetSwedish/ViewModels/ProgressManager.swift:189:13: warning: variable 'freezesToUse' was never mutated; consider changing to 'let' constant
        var freezesToUse = min(missedDays, progress.streakFreezeCount)
        ~~~ ^
        let
/Users/runner/work/StreetSwedish/StreetSwedish/StreetSwedish/Views/Practice/PracticeView.swift:330:38: error: cannot find 'reviewQueue' in scope
            Text("Du har repeterat \(reviewQueue.count) ord. Dina framsteg har sparats i ditt lokala SM-2 register.")
                                     ^~~~~~~~~~~
/Users/runner/work/StreetSwedish/StreetSwedish/StreetSwedish/Views/Practice/PracticeView.swift:340:21: error: cannot find 'isReviewActive' in scope
                    isReviewActive = false
                    ^~~~~~~~~~~~~~
/Users/runner/work/StreetSwedish/StreetSwedish/StreetSwedish/Views/Practice/PracticeView.swift:359:9: error: cannot find 'reviewQueue' in scope
        reviewQueue = srsScheduler.getDailyQueue(allItemIDs: allIDs)
        ^~~~~~~~~~~
/Users/runner/work/StreetSwedish/StreetSwedish/StreetSwedish/Views/Practice/PracticeView.swift:359:23: error: cannot find 'srsScheduler' in scope
        reviewQueue = srsScheduler.getDailyQueue(allItemIDs: allIDs)
                      ^~~~~~~~~~~~
/Users/runner/work/StreetSwedish/StreetSwedish/StreetSwedish/Views/Practice/PracticeView.swift:360:9: error: cannot find 'currentQueueIndex' in scope
        currentQueueIndex = 0
        ^~~~~~~~~~~~~~~~~
/Users/runner/work/StreetSwedish/StreetSwedish/StreetSwedish/Views/Practice/PracticeView.swift:361:9: error: cannot find 'isCardFlipped' in scope
        isCardFlipped = false
        ^~~~~~~~~~~~~
/Users/runner/work/StreetSwedish/StreetSwedish/StreetSwedish/Views/Practice/PracticeView.swift:363:13: error: cannot find 'reviewQueue' in scope
        if !reviewQueue.isEmpty {
            ^~~~~~~~~~~
/Users/runner/work/StreetSwedish/StreetSwedish/StreetSwedish/Views/Practice/PracticeView.swift:365:17: error: cannot find 'isReviewActive' in scope
                isReviewActive = true
                ^~~~~~~~~~~~~~
/Users/runner/work/StreetSwedish/StreetSwedish/StreetSwedish/Views/Practice/PracticeView.swift:372:13: error: cannot find 'isCardFlipped' in scope
            isCardFlipped.toggle()
            ^~~~~~~~~~~~~
/Users/runner/work/StreetSwedish/StreetSwedish/StreetSwedish/Views/Practice/PracticeView.swift:378:9: error: cannot find 'srsScheduler' in scope
        srsScheduler.recordResponse(itemID: itemID, isCorrect: isCorrect, responseQuality: isCorrect ? 1.0 : 0.0)
        ^~~~~~~~~~~~
/Users/runner/work/StreetSwedish/StreetSwedish/StreetSwedish/Views/Practice/PracticeView.swift:382:13: error: cannot find 'progressManager' in scope
            progressManager.addXP(5)
            ^~~~~~~~~~~~~~~
/Users/runner/work/StreetSwedish/StreetSwedish/StreetSwedish/Views/Practice/PracticeView.swift:387:13: error: cannot find 'isCardFlipped' in scope
            isCardFlipped = false
            ^~~~~~~~~~~~~
/Users/runner/work/StreetSwedish/StreetSwedish/StreetSwedish/Views/Practice/PracticeView.swift:388:13: error: cannot find 'currentQueueIndex' in scope
            currentQueueIndex += 1
            ^~~~~~~~~~~~~~~~~
/Users/runner/work/StreetSwedish/StreetSwedish/StreetSwedish/Views/Profile/ProfileView.swift:78:58: error: cannot assign value of type 'Float' to type 'Double'
                ttsRateSlider = progressManager.progress.ttsRate
                                ~~~~~~~~~~~~~~~~~~~~~~~~~^~~~~~~
                                Double(                         )
/Users/runner/work/StreetSwedish/StreetSwedish/StreetSwedish/Views/Profile/ProfileView.swift:199:45: error: cannot call value of non-function type 'Binding<Subject>'
                            progressManager.setTTSRate(ttsRateSlider)
                                            ^
/Users/runner/work/StreetSwedish/StreetSwedish/StreetSwedish/Views/Profile/ProfileView.swift:199:45: error: value of type 'ProgressManager' has no dynamic member 'setTTSRate' using key path from root type 'ProgressManager'
                            progressManager.setTTSRate(ttsRateSlider)
                            ~~~~~~~~~~~~~~~ ^~~~~~~~~~
/Users/runner/work/StreetSwedish/StreetSwedish/StreetSwedish/Views/Profile/ProfileView.swift:199:29: error: referencing subscript 'subscript(dynamicMember:)' requires wrapper 'EnvironmentObject<ProgressManager>.Wrapper'
                            progressManager.setTTSRate(ttsRateSlider)
                            ^
                            $
/Users/runner/work/StreetSwedish/StreetSwedish/StreetSwedish/Views/Profile/ProfileView.swift:245:25: error: value of type 'ProgressManager' has no dynamic member 'resetProgress' using key path from root type 'ProgressManager'
        progressManager.resetProgress()
        ~~~~~~~~~~~~~~~ ^~~~~~~~~~~~~
/Users/runner/work/StreetSwedish/StreetSwedish/StreetSwedish/Views/Profile/ProfileView.swift:245:9: error: referencing subscript 'subscript(dynamicMember:)' requires wrapper 'EnvironmentObject<ProgressManager>.Wrapper'
        progressManager.resetProgress()
        ^
        $
/Users/runner/work/StreetSwedish/StreetSwedish/StreetSwedish/Views/Profile/ProfileView.swift:245:25: error: cannot call value of non-function type 'Binding<Subject>'
        progressManager.resetProgress()
                        ^            ~~
                                     
/Users/runner/work/StreetSwedish/StreetSwedish/StreetSwedish/Views/Profile/ProfileView.swift:246:22: error: value of type 'SRSScheduler' has no dynamic member 'resetAllProgress' using key path from root type 'SRSScheduler'
        srsScheduler.resetAllProgress()
        ~~~~~~~~~~~~ ^~~~~~~~~~~~~~~~
/Users/runner/work/StreetSwedish/StreetSwedish/StreetSwedish/Views/Profile/ProfileView.swift:246:9: error: referencing subscript 'subscript(dynamicMember:)' requires wrapper 'EnvironmentObject<SRSScheduler>.Wrapper'
        srsScheduler.resetAllProgress()
        ^
        $
/Users/runner/work/StreetSwedish/StreetSwedish/StreetSwedish/Views/Profile/ProfileView.swift:246:22: error: cannot call value of non-function type 'Binding<Subject>'
        srsScheduler.resetAllProgress()
                     ^               ~~
                                     
/Users/runner/work/StreetSwedish/StreetSwedish/StreetSwedish/Views/Profile/ProgressMapView.swift:148:131: error: value of type 'SRSItem' has no member 'dueDate'
                    Text(srsItem.stage == 5 ? "Aldrig (Mästrat)" : (srsItem.stage == 0 ? "Ej schemalagt" : formatDueDate(srsItem.dueDate)))

Failed frontend command:
/Applications/Xcode_16.4.app/Contents/Developer/Toolchains/XcodeDefault.xctoolchain/usr/bin/swift-frontend -frontend -c /Users/runner/work/StreetSwedish/StreetSwedish/StreetSwedish/Data/LessonData.swift /Users/runner/work/StreetSwedish/StreetSwedish/StreetSwedish/Engine/LessonCoordinator.swift /Users/runner/work/StreetSwedish/StreetSwedish/StreetSwedish/Engine/SRSScheduler.swift /Users/runner/work/StreetSwedish/StreetSwedish/StreetSwedish/Helpers/ColorExtensions.swift /Users/runner/work/StreetSwedish/StreetSwedish/StreetSwedish/Helpers/SpeechHelper.swift /Users/runner/work/StreetSwedish/StreetSwedish/StreetSwedish/Models/LearningModels.swift /Users/runner/work/StreetSwedish/StreetSwedish/StreetSwedish/Models/UserProgress.swift /Users/runner/work/StreetSwedish/StreetSwedish/StreetSwedish/StreetSwedishApp.swift /Users/runner/work/StreetSwedish/StreetSwedish/StreetSwedish/ViewModels/ProgressManager.swift /Users/runner/work/StreetSwedish/StreetSwedish/StreetSwedish/Views/Components/WordCard.swift /Users/runner/work/StreetSwedish/StreetSwedish/StreetSwedish/Views/Components/WordDetailSheet.swift /Users/runner/work/StreetSwedish/StreetSwedish/StreetSwedish/Views/Exercises/ExerciseRouter.swift /Users/runner/work/StreetSwedish/StreetSwedish/StreetSwedish/Views/Home/HomeView.swift /Users/runner/work/StreetSwedish/StreetSwedish/StreetSwedish/Views/Learn/BossLevelView.swift /Users/runner/work/StreetSwedish/StreetSwedish/StreetSwedish/Views/Learn/CoursesView.swift /Users/runner/work/StreetSwedish/StreetSwedish/StreetSwedish/Views/Learn/LessonView.swift /Users/runner/work/StreetSwedish/StreetSwedish/StreetSwedish/Views/MainTabView.swift /Users/runner/work/StreetSwedish/StreetSwedish/StreetSwedish/Views/Onboarding/OnboardingView.swift /Users/runner/work/StreetSwedish/StreetSwedish/StreetSwedish/Views/Practice/PracticeView.swift /Users/runner/work/StreetSwedish/StreetSwedish/StreetSwedish/Views/Practice/WordListView.swift /Users/runner/work/StreetSwedish/StreetSwedish/StreetSwedish/Views/Profile/ProfileView.swift /Users/runner/work/StreetSwedish/StreetSwedish/StreetSwedish/Views/Profile/ProgressMapView.swift /Users/runner/work/StreetSwedish/StreetSwedish/StreetSwedish/Widget/StreetSwedishWidget.swift -supplementary-output-file-map /Users/runner/work/StreetSwedish/StreetSwedish/build/Build/Intermediates.noindex/StreetSwedish.build/Release-iphoneos/StreetSwedish.build/Objects-normal/arm64/supplementaryOutputs-1 -target arm64-apple-ios16.0 -Xllvm -aarch64-use-tbi -enable-objc-interop -stack-check -sdk /Applications/Xcode_16.4.app/Contents/Developer/Platforms/iPhoneOS.platform/Developer/SDKs/iPhoneOS18.5.sdk -I /Users/runner/work/StreetSwedish/StreetSwedish/build/Build/Products/Release-iphoneos -I /Applications/Xcode_16.4.app/Contents/Developer/Platforms/iPhoneOS.platform/Developer/usr/lib -F /Users/runner/work/StreetSwedish/StreetSwedish/build/Build/Products/Release-iphoneos -F /Applications/Xcode_16.4.app/Contents/Developer/Platforms/iPhoneOS.platform/Developer/Library/Frameworks -F /Applications/Xcode_16.4.app/Contents/Developer/Platforms/iPhoneOS.platform/Developer/SDKs/iPhoneOS18.5.sdk/Developer/Library/Frameworks -no-color-diagnostics -g -debug-info-format\=dwarf -dwarf-version\=4 -module-cache-path /Users/runner/work/StreetSwedish/StreetSwedish/build/ModuleCache.noindex -swift-version 5 -enforce-exclusivity\=checked -O -D SWIFT_PACKAGE -D Xcode -serialize-debugging-options -const-gather-protocols-file /Users/runner/work/StreetSwedish/StreetSwedish/build/Build/Intermediates.noindex/StreetSwedish.build/Release-iphoneos/StreetSwedish.build/Objects-normal/arm64/StreetSwedish_const_extract_protocols.json -enable-experimental-feature DebugDescriptionMacro -empty-abi-descriptor -plugin-path /Applications/Xcode_16.4.app/Contents/Developer/Toolchains/XcodeDefault.xctoolchain/usr/lib/swift/host/plugins/testing -validate-clang-modules-once -clang-build-session-file /Users/runner/work/StreetSwedish/StreetSwedish/build/ModuleCache.noindex/Session.modulevalidation -Xcc -working-directory -Xcc /Users/runner/work/StreetSwedish/StreetSwedish/.swiftpm/xcode -resource-dir /Applications/Xcode_16.4.app/Contents/Developer/Toolchains/XcodeDefault.xctoolchain/usr/lib/swift -file-compilation-dir /Users/runner/work/StreetSwedish/StreetSwedish/.swiftpm/xcode -Xcc -ivfsstatcache -Xcc /Users/runner/work/StreetSwedish/StreetSwedish/build/SDKStatCaches.noindex/iphoneos18.5-22F76-a529daf784b3616c7c04a36aeb7f5c05.sdkstatcache -Xcc -I/Users/runner/work/StreetSwedish/StreetSwedish/build/Build/Products/Release-iphoneos/include -Xcc -I/Users/runner/work/StreetSwedish/StreetSwedish/build/Build/Intermediates.noindex/StreetSwedish.build/Release-iphoneos/StreetSwedish.build/DerivedSources-normal/arm64 -Xcc -I/Users/runner/work/StreetSwedish/StreetSwedish/build/Build/Intermediates.noindex/StreetSwedish.build/Release-iphoneos/StreetSwedish.build/DerivedSources/arm64 -Xcc -I/Users/runner/work/StreetSwedish/StreetSwedish/build/Build/Intermediates.noindex/StreetSwedish.build/Release-iphoneos/StreetSwedish.build/DerivedSources -Xcc -DSWIFT_PACKAGE -module-name StreetSwedish -frontend-parseable-output -disable-clang-spi -target-sdk-version 18.5 -target-sdk-name iphoneos18.5 -external-plugin-path /Applications/Xcode_16.4.app/Contents/Developer/Platforms/iPhoneOS.platform/Developer/usr/lib/swift/host/plugins\#/Applications/Xcode_16.4.app/Contents/Developer/Platforms/iPhoneOS.platform/Developer/usr/bin/swift-plugin-server -external-plugin-path /Applications/Xcode_16.4.app/Contents/Developer/Platforms/iPhoneOS.platform/Developer/usr/local/lib/swift/host/plugins\#/Applications/Xcode_16.4.app/Contents/Developer/Platforms/iPhoneOS.platform/Developer/usr/bin/swift-plugin-server -in-process-plugin-server-path /Applications/Xcode_16.4.app/Contents/Developer/Toolchains/XcodeDefault.xctoolchain/usr/lib/swift/host/libSwiftInProcPluginServer.dylib -plugin-path /Applications/Xcode_16.4.app/Contents/Developer/Toolchains/XcodeDefault.xctoolchain/usr/lib/swift/host/plugins -plugin-path /Applications/Xcode_16.4.app/Contents/Developer/Toolchains/XcodeDefault.xctoolchain/usr/local/lib/swift/host/plugins -enable-default-cmo -num-threads 3 -o /Users/runner/work/StreetSwedish/StreetSwedish/build/Build/Intermediates.noindex/StreetSwedish.build/Release-iphoneos/StreetSwedish.build/Objects-normal/arm64/LessonData.o -o /Users/runner/work/StreetSwedish/StreetSwedish/build/Build/Intermediates.noindex/StreetSwedish.build/Release-iphoneos/StreetSwedish.build/Objects-normal/arm64/LessonCoordinator.o -o /Users/runner/work/StreetSwedish/StreetSwedish/build/Build/Intermediates.noindex/StreetSwedish.build/Release-iphoneos/StreetSwedish.build/Objects-normal/arm64/SRSScheduler.o -o /Users/runner/work/StreetSwedish/StreetSwedish/build/Build/Intermediates.noindex/StreetSwedish.build/Release-iphoneos/StreetSwedish.build/Objects-normal/arm64/ColorExtensions.o -o /Users/runner/work/StreetSwedish/StreetSwedish/build/Build/Intermediates.noindex/StreetSwedish.build/Release-iphoneos/StreetSwedish.build/Objects-normal/arm64/SpeechHelper.o -o /Users/runner/work/StreetSwedish/StreetSwedish/build/Build/Intermediates.noindex/StreetSwedish.build/Release-iphoneos/StreetSwedish.build/Objects-normal/arm64/LearningModels.o -o /Users/runner/work/StreetSwedish/StreetSwedish/build/Build/Intermediates.noindex/StreetSwedish.build/Release-iphoneos/StreetSwedish.build/Objects-normal/arm64/UserProgress.o -o /Users/runner/work/StreetSwedish/StreetSwedish/build/Build/Intermediates.noindex/StreetSwedish.build/Release-iphoneos/StreetSwedish.build/Objects-normal/arm64/StreetSwedishApp.o -o /Users/runner/work/StreetSwedish/StreetSwedish/build/Build/Intermediates.noindex/StreetSwedish.build/Release-iphoneos/StreetSwedish.build/Objects-normal/arm64/ProgressManager.o -o /Users/runner/work/StreetSwedish/StreetSwedish/build/Build/Intermediates.noindex/StreetSwedish.build/Release-iphoneos/StreetSwedish.build/Objects-normal/arm64/WordCard.o -o /Users/runner/work/StreetSwedish/StreetSwedish/build/Build/Intermediates.noindex/StreetSwedish.build/Release-iphoneos/StreetSwedish.build/Objects-normal/arm64/WordDetailSheet.o -o /Users/runner/work/StreetSwedish/StreetSwedish/build/Build/Intermediates.noindex/StreetSwedish.build/Release-iphoneos/StreetSwedish.build/Objects-normal/arm64/ExerciseRouter.o -o /Users/runner/work/StreetSwedish/StreetSwedish/build/Build/Intermediates.noindex/StreetSwedish.build/Release-iphoneos/StreetSwedish.build/Objects-normal/arm64/HomeView.o -o /Users/runner/work/StreetSwedish/StreetSwedish/build/Build/Intermediates.noindex/StreetSwedish.build/Release-iphoneos/StreetSwedish.build/Objects-normal/arm64/BossLevelView.o -o /Users/runner/work/StreetSwedish/StreetSwedish/build/Build/Intermediates.noindex/StreetSwedish.build/Release-iphoneos/StreetSwedish.build/Objects-normal/arm64/CoursesView.o -o /Users/runner/work/StreetSwedish/StreetSwedish/build/Build/Intermediates.noindex/StreetSwedish.build/Release-iphoneos/StreetSwedish.build/Objects-normal/arm64/LessonView.o -o /Users/runner/work/StreetSwedish/StreetSwedish/build/Build/Intermediates.noindex/StreetSwedish.build/Release-iphoneos/StreetSwedish.build/Objects-normal/arm64/MainTabView.o -o /Users/runner/work/StreetSwedish/StreetSwedish/build/Build/Intermediates.noindex/StreetSwedish.build/Release-iphoneos/StreetSwedish.build/Objects-normal/arm64/OnboardingView.o -o /Users/runner/work/StreetSwedish/StreetSwedish/build/Build/Intermediates.noindex/StreetSwedish.build/Release-iphoneos/StreetSwedish.build/Objects-normal/arm64/PracticeView.o -o /Users/runner/work/StreetSwedish/StreetSwedish/build/Build/Intermediates.noindex/StreetSwedish.build/Release-iphoneos/StreetSwedish.build/Objects-normal/arm64/WordListView.o -o /Users/runner/work/StreetSwedish/StreetSwedish/build/Build/Intermediates.noindex/StreetSwedish.build/Release-iphoneos/StreetSwedish.build/Objects-normal/arm64/ProfileView.o -o /Users/runner/work/StreetSwedish/StreetSwedish/build/Build/Intermediates.noindex/StreetSwedish.build/Release-iphoneos/StreetSwedish.build/Objects-normal/arm64/ProgressMapView.o -o /Users/runner/work/StreetSwedish/StreetSwedish/build/Build/Intermediates.noindex/StreetSwedish.build/Release-iphoneos/StreetSwedish.build/Objects-normal/arm64/StreetSwedishWidget.o -index-unit-output-path /StreetSwedish.build/Release-iphoneos/StreetSwedish.build/Objects-normal/arm64/LessonData.o -index-unit-output-path /StreetSwedish.build/Release-iphoneos/StreetSwedish.build/Objects-normal/arm64/LessonCoordinator.o -index-unit-output-path /StreetSwedish.build/Release-iphoneos/StreetSwedish.build/Objects-normal/arm64/SRSScheduler.o -index-unit-output-path /StreetSwedish.build/Release-iphoneos/StreetSwedish.build/Objects-normal/arm64/ColorExtensions.o -index-unit-output-path /StreetSwedish.build/Release-iphoneos/StreetSwedish.build/Objects-normal/arm64/SpeechHelper.o -index-unit-output-path /StreetSwedish.build/Release-iphoneos/StreetSwedish.build/Objects-normal/arm64/LearningModels.o -index-unit-output-path /StreetSwedish.build/Release-iphoneos/StreetSwedish.build/Objects-normal/arm64/UserProgress.o -index-unit-output-path /StreetSwedish.build/Release-iphoneos/StreetSwedish.build/Objects-normal/arm64/StreetSwedishApp.o -index-unit-output-path /StreetSwedish.build/Release-iphoneos/StreetSwedish.build/Objects-normal/arm64/ProgressManager.o -index-unit-output-path /StreetSwedish.build/Release-iphoneos/StreetSwedish.build/Objects-normal/arm64/WordCard.o -index-unit-output-path /StreetSwedish.build/Release-iphoneos/StreetSwedish.build/Objects-normal/arm64/WordDetailSheet.o -index-unit-output-path /StreetSwedish.build/Release-iphoneos/StreetSwedish.build/Objects-normal/arm64/ExerciseRouter.o -index-unit-output-path /StreetSwedish.build/Release-iphoneos/StreetSwedish.build/Objects-normal/arm64/HomeView.o -index-unit-output-path /StreetSwedish.build/Release-iphoneos/StreetSwedish.build/Objects-normal/arm64/BossLevelView.o -index-unit-output-path /StreetSwedish.build/Release-iphoneos/StreetSwedish.build/Objects-normal/arm64/CoursesView.o -index-unit-output-path /StreetSwedish.build/Release-iphoneos/StreetSwedish.build/Objects-normal/arm64/LessonView.o -index-unit-output-path /StreetSwedish.build/Release-iphoneos/StreetSwedish.build/Objects-normal/arm64/MainTabView.o -index-unit-output-path /StreetSwedish.build/Release-iphoneos/StreetSwedish.build/Objects-normal/arm64/OnboardingView.o -index-unit-output-path /StreetSwedish.build/Release-iphoneos/StreetSwedish.build/Objects-normal/arm64/PracticeView.o -index-unit-output-path /StreetSwedish.build/Release-iphoneos/StreetSwedish.build/Objects-normal/arm64/WordListView.o -index-unit-output-path /StreetSwedish.build/Release-iphoneos/StreetSwedish.build/Objects-normal/arm64/ProfileView.o -index-unit-output-path /StreetSwedish.build/Release-iphoneos/StreetSwedish.build/Objects-normal/arm64/ProgressMapView.o -index-unit-output-path /StreetSwedish.build/Release-iphoneos/StreetSwedish.build/Objects-normal/arm64/StreetSwedishWidget.o
SwiftDriver\ Compilation StreetSwedish normal arm64 com.apple.xcode.tools.swift.compiler (in target 'StreetSwedish' from project 'StreetSwedish')
    cd /Users/runner/work/StreetSwedish/StreetSwedish/.swiftpm/xcode
    builtin-Swift-Compilation -- /Applications/Xcode_16.4.app/Contents/Developer/Toolchains/XcodeDefault.xctoolchain/usr/bin/swiftc -module-name StreetSwedish -O -whole-module-optimization -enforce-exclusivity\=checked @/Users/runner/work/StreetSwedish/StreetSwedish/build/Build/Intermediates.noindex/StreetSwedish.build/Release-iphoneos/StreetSwedish.build/Objects-normal/arm64/StreetSwedish.SwiftFileList -DSWIFT_PACKAGE -DXcode -plugin-path /Applications/Xcode_16.4.app/Contents/Developer/Toolchains/XcodeDefault.xctoolchain/usr/lib/swift/host/plugins/testing -enable-experimental-feature DebugDescriptionMacro -sdk /Applications/Xcode_16.4.app/Contents/Developer/Platforms/iPhoneOS.platform/Developer/SDKs/iPhoneOS18.5.sdk -target arm64-apple-ios16.0 -g -module-cache-path /Users/runner/work/StreetSwedish/StreetSwedish/build/ModuleCache.noindex -Xfrontend -serialize-debugging-options -swift-version 5 -I /Users/runner/work/StreetSwedish/StreetSwedish/build/Build/Products/Release-iphoneos -I /Applications/Xcode_16.4.app/Contents/Developer/Platforms/iPhoneOS.platform/Developer/usr/lib -F /Users/runner/work/StreetSwedish/StreetSwedish/build/Build/Products/Release-iphoneos -F /Applications/Xcode_16.4.app/Contents/Developer/Platforms/iPhoneOS.platform/Developer/Library/Frameworks -F /Applications/Xcode_16.4.app/Contents/Developer/Platforms/iPhoneOS.platform/Developer/SDKs/iPhoneOS18.5.sdk/Developer/Library/Frameworks -c -num-threads 3 -Xcc -ivfsstatcache -Xcc /Users/runner/work/StreetSwedish/StreetSwedish/build/SDKStatCaches.noindex/iphoneos18.5-22F76-a529daf784b3616c7c04a36aeb7f5c05.sdkstatcache -output-file-map /Users/runner/work/StreetSwedish/StreetSwedish/build/Build/Intermediates.noindex/StreetSwedish.build/Release-iphoneos/StreetSwedish.build/Objects-normal/arm64/StreetSwedish-OutputFileMap.json -use-frontend-parseable-output -save-temps -no-color-diagnostics -serialize-diagnostics -emit-dependencies -emit-module -emit-module-path /Users/runner/work/StreetSwedish/StreetSwedish/build/Build/Intermediates.noindex/StreetSwedish.build/Release-iphoneos/StreetSwedish.build/Objects-normal/arm64/StreetSwedish.swiftmodule -validate-clang-modules-once -clang-build-session-file /Users/runner/work/StreetSwedish/StreetSwedish/build/ModuleCache.noindex/Session.modulevalidation -emit-const-values -Xfrontend -const-gather-protocols-file -Xfrontend /Users/runner/work/StreetSwedish/StreetSwedish/build/Build/Intermediates.noindex/StreetSwedish.build/Release-iphoneos/StreetSwedish.build/Objects-normal/arm64/StreetSwedish_const_extract_protocols.json -Xcc -I/Users/runner/work/StreetSwedish/StreetSwedish/build/Build/Products/Release-iphoneos/include -Xcc -I/Users/runner/work/StreetSwedish/StreetSwedish/build/Build/Intermediates.noindex/StreetSwedish.build/Release-iphoneos/StreetSwedish.build/DerivedSources-normal/arm64 -Xcc -I/Users/runner/work/StreetSwedish/StreetSwedish/build/Build/Intermediates.noindex/StreetSwedish.build/Release-iphoneos/StreetSwedish.build/DerivedSources/arm64 -Xcc -I/Users/runner/work/StreetSwedish/StreetSwedish/build/Build/Intermediates.noindex/StreetSwedish.build/Release-iphoneos/StreetSwedish.build/DerivedSources -Xcc -DSWIFT_PACKAGE -working-directory /Users/runner/work/StreetSwedish/StreetSwedish/.swiftpm/xcode -no-emit-module-separately-wmo

note: Disabling previews because SWIFT_VERSION is set and SWIFT_OPTIMIZATION_LEVEL=-Owholemodule, expected -Onone (in target 'StreetSwedish' from project 'StreetSwedish')
** BUILD FAILED **


The following build commands failed:
	CompileSwift normal arm64 (in target 'StreetSwedish' from project 'StreetSwedish')
	SwiftCompile normal arm64 Compiling\ LessonData.swift,\ LessonCoordinator.swift,\ SRSScheduler.swift,\ ColorExtensions.swift,\ SpeechHelper.swift,\ LearningModels.swift,\ UserProgress.swift,\ StreetSwedishApp.swift,\ ProgressManager.swift,\ WordCard.swift,\ WordDetailSheet.swift,\ ExerciseRouter.swift,\ HomeView.swift,\ BossLevelView.swift,\ CoursesView.swift,\ LessonView.swift,\ MainTabView.swift,\ OnboardingView.swift,\ PracticeView.swift,\ WordListView.swift,\ ProfileView.swift,\ ProgressMapView.swift,\ StreetSwedishWidget.swift /Users/runner/work/StreetSwedish/StreetSwedish/StreetSwedish/Data/LessonData.swift /Users/runner/work/StreetSwedish/StreetSwedish/StreetSwedish/Engine/LessonCoordinator.swift /Users/runner/work/StreetSwedish/StreetSwedish/StreetSwedish/Engine/SRSScheduler.swift /Users/runner/work/StreetSwedish/StreetSwedish/StreetSwedish/Helpers/ColorExtensions.swift /Users/runner/work/StreetSwedish/StreetSwedish/StreetSwedish/Helpers/SpeechHelper.swift /Users/runner/work/StreetSwedish/StreetSwedish/StreetSwedish/Models/LearningModels.swift /Users/runner/work/StreetSwedish/StreetSwedish/StreetSwedish/Models/UserProgress.swift /Users/runner/work/StreetSwedish/StreetSwedish/StreetSwedish/StreetSwedishApp.swift /Users/runner/work/StreetSwedish/StreetSwedish/StreetSwedish/ViewModels/ProgressManager.swift /Users/runner/work/StreetSwedish/StreetSwedish/StreetSwedish/Views/Components/WordCard.swift /Users/runner/work/StreetSwedish/StreetSwedish/StreetSwedish/Views/Components/WordDetailSheet.swift /Users/runner/work/StreetSwedish/StreetSwedish/StreetSwedish/Views/Exercises/ExerciseRouter.swift /Users/runner/work/StreetSwedish/StreetSwedish/StreetSwedish/Views/Home/HomeView.swift /Users/runner/work/StreetSwedish/StreetSwedish/StreetSwedish/Views/Learn/BossLevelView.swift /Users/runner/work/StreetSwedish/StreetSwedish/StreetSwedish/Views/Learn/CoursesView.swift /Users/runner/work/StreetSwedish/StreetSwedish/StreetSwedish/Views/Learn/LessonView.swift /Users/runner/work/StreetSwedish/StreetSwedish/StreetSwedish/Views/MainTabView.swift /Users/runner/work/StreetSwedish/StreetSwedish/StreetSwedish/Views/Onboarding/OnboardingView.swift /Users/runner/work/StreetSwedish/StreetSwedish/StreetSwedish/Views/Practice/PracticeView.swift /Users/runner/work/StreetSwedish/StreetSwedish/StreetSwedish/Views/Practice/WordListView.swift /Users/runner/work/StreetSwedish/StreetSwedish/StreetSwedish/Views/Profile/ProfileView.swift /Users/runner/work/StreetSwedish/StreetSwedish/StreetSwedish/Views/Profile/ProgressMapView.swift /Users/runner/work/StreetSwedish/StreetSwedish/StreetSwedish/Widget/StreetSwedishWidget.swift (in target 'StreetSwedish' from project 'StreetSwedish')
	Building workspace StreetSwedish with scheme StreetSwedish and configuration Release
(3 failures)
